<?xml version="1.0" encoding="UTF-8"?>
<testsuite xmlns:xsi="http://www.w3.org/2001/XMLSchema-instance" xsi:noNamespaceSchemaLocation="https://maven.apache.org/surefire/maven-surefire-plugin/xsd/surefire-test-report.xsd" version="3.0.2" name="com.milanpopovic.hotelinventory.HotelInventoryBackendApplicationTests" time="6.274" tests="1" errors="0" skipped="0" failures="0">
  <properties>
[...]
</properties>
  <testcase name="contextLoads" classname="com.milanpopovic.hotelinventory.HotelInventoryBackendApplicationTests" time="0.366">
    <system-out><![CDATA[01:26:46.146 [main] INFO org.springframework.test.context.support.AnnotationConfigContextLoaderUtils -- Could not detect default configuration classes for test class [com.milanpopovic.hotelinventory.HotelInventoryBackendApplicationTests]: HotelInventoryBackendApplicationTests does not declare any static, non-private, non-final, nested classes annotated with @Configuration.
01:26:46.269 [main] INFO org.springframework.boot.test.context.SpringBootTestContextBootstrapper -- Found @SpringBootConfiguration com.milanpopovic.hotelinventory.HotelInventoryBackendApplication for test class com.milanpopovic.hotelinventory.HotelInventoryBackendApplicationTests

  .   ____          _            __ _ _
 /\\ / ___'_ __ _ _(_)_ __  __ _ \ \ \ \
( ( )\___ | '_ | '_| | '_ \/ _` | \ \ \ \
 \\/  ___)| |_)| | | | | || (_| |  ) ) ) )
  '  |____| .__|_| |_|_| |_\__, | / / / /
 =========|_|==============|___/=/_/_/_/

 :: Spring Boot ::                (v3.5.9)

2026-03-17T01:26:46.708+01:00  INFO 15236 --- [hotel-inventory-backend] [           main] .h.HotelInventoryBackendApplicationTests : Starting HotelInventoryBackendApplicationTests using Java 17.0.18 with PID 15236 (started by milan in /home/milan/Documents/hotel-inventory-main/backend/hotel-inventory-backend)
2026-03-17T01:26:46.709+01:00  INFO 15236 --- [hotel-inventory-backend] [           main] .h.HotelInventoryBackendApplicationTests : No active profile set, falling back to 1 default profile: "default"
2026-03-17T01:26:47.482+01:00  INFO 15236 --- [hotel-inventory-backend] [           main] .s.d.r.c.RepositoryConfigurationDelegate : Bootstrapping Spring Data JPA repositories in DEFAULT mode.
2026-03-17T01:26:47.543+01:00  INFO 15236 --- [hotel-inventory-backend] [           main] .s.d.r.c.RepositoryConfigurationDelegate : Finished Spring Data repository scanning in 51 ms. Found 3 JPA repository interfaces.
2026-03-17T01:26:48.070+01:00  INFO 15236 --- [hotel-inventory-backend] [           main] o.hibernate.jpa.internal.util.LogHelper  : HHH000204: Processing PersistenceUnitInfo [name: default]
2026-03-17T01:26:48.131+01:00  INFO 15236 --- [hotel-inventory-backend] [           main] org.hibernate.Version                    : HHH000412: Hibernate ORM core version 6.6.39.Final
2026-03-17T01:26:48.195+01:00  INFO 15236 --- [hotel-inventory-backend] [           main] o.h.c.internal.RegionFactoryInitiator    : HHH000026: Second-level cache disabled
2026-03-17T01:26:48.481+01:00  INFO 15236 --- [hotel-inventory-backend] [           main] o.s.o.j.p.SpringPersistenceUnitInfo      : No LoadTimeWeaver setup: ignoring JPA class transformer
2026-03-17T01:26:48.511+01:00  INFO 15236 --- [hotel-inventory-backend] [           main] com.zaxxer.hikari.HikariDataSource       : HikariPool-1 - Starting...
2026-03-17T01:26:48.708+01:00  INFO 15236 --- [hotel-inventory-backend] [           main] com.zaxxer.hikari.pool.HikariPool        : HikariPool-1 - Added connection com.mysql.cj.jdbc.ConnectionImpl@6231f77a
2026-03-17T01:26:48.710+01:00  INFO 15236 --- [hotel-inventory-backend] [           main] com.zaxxer.hikari.HikariDataSource       : HikariPool-1 - Start completed.
2026-03-17T01:26:48.815+01:00  INFO 15236 --- [hotel-inventory-backend] [           main] org.hibernate.orm.connections.pooling    : HHH10001005: Database info:
	Database JDBC URL [Connecting through datasource 'HikariDataSource (HikariPool-1)']
	Database driver: undefined/unknown
	Database version: 8.0.45
	Autocommit mode: undefined/unknown
	Isolation level: undefined/unknown
	Minimum pool size: undefined/unknown
	Maximum pool size: undefined/unknown
2026-03-17T01:26:49.573+01:00  INFO 15236 --- [hotel-inventory-backend] [           main] o.h.e.t.j.p.i.JtaPlatformInitiator       : HHH000489: No JTA platform available (set 'hibernate.transaction.jta.platform' to enable JTA platform integration)
Hibernate: alter table booking drop foreign key FKq83pan5xy2a6rn0qsl9bckqai
Hibernate: alter table booking drop foreign key FK7udbel7q86k041591kj6lfmvw
Hibernate: drop table if exists booking
Hibernate: drop table if exists room
Hibernate: drop table if exists users
Hibernate: create table booking (check_in_date date not null, check_out_date date not null, id bigint not null auto_increment, room_id bigint not null, user_id bigint not null, primary key (id)) engine=InnoDB
Hibernate: create table room (available bit not null, price decimal(38,2), id bigint not null auto_increment, name varchar(255) not null, type varchar(255), primary key (id)) engine=InnoDB
Hibernate: create table users (id bigint not null auto_increment, password varchar(255), role varchar(255), username varchar(255) not null, primary key (id)) engine=InnoDB
Hibernate: alter table room add constraint UK4l8mm4fqoos6fcbx76rvqxer unique (name)
Hibernate: alter table users add constraint UKr43af9ap4edm43mmtq01oddj6 unique (username)
Hibernate: alter table booking add constraint FKq83pan5xy2a6rn0qsl9bckqai foreign key (room_id) references room (id)
Hibernate: alter table booking add constraint FK7udbel7q86k041591kj6lfmvw foreign key (user_id) references users (id)
2026-03-17T01:26:50.002+01:00  INFO 15236 --- [hotel-inventory-backend] [           main] j.LocalContainerEntityManagerFactoryBean : Initialized JPA EntityManagerFactory for persistence unit 'default'
2026-03-17T01:26:50.332+01:00  INFO 15236 --- [hotel-inventory-backend] [           main] o.s.d.j.r.query.QueryEnhancerFactory     : Hibernate is in classpath; If applicable, HQL parser will be used.
Hibernate: select u1_0.id,u1_0.password,u1_0.role,u1_0.username from users u1_0 where u1_0.username=?
Hibernate: insert into users (password,role,username) values (?,?,?)
2026-03-17T01:26:51.240+01:00  WARN 15236 --- [hotel-inventory-backend] [           main] JpaBaseConfiguration$JpaWebConfiguration : spring.jpa.open-in-view is enabled by default. Therefore, database queries may be performed during view rendering. Explicitly configure spring.jpa.open-in-view to disable this warning
2026-03-17T01:26:51.278+01:00  INFO 15236 --- [hotel-inventory-backend] [           main] r$InitializeUserDetailsManagerConfigurer : Global AuthenticationManager configured with UserDetailsService bean with name customUserDetailsService
2026-03-17T01:26:51.885+01:00  INFO 15236 --- [hotel-inventory-backend] [           main] .h.HotelInventoryBackendApplicationTests : Started HotelInventoryBackendApplicationTests in 5.462 seconds (process running for 6.37)
]]></system-out>
  </testcase>
</testsuite>